<?xml version="1.0" encoding="UTF-8"?>
<!-- Generated by org.testng.reporters.JUnitReportReporter -->
<testsuite skipped="0" hostname="DESKTOP-9ERME04" name="com.testrunner.Runner01" tests="1" failures="0" timestamp="26 Jun 2019 00:09:21 GMT" time="6.951" errors="0">
  <testcase name="feature" time="6.951" classname="com.testrunner.Runner01"/>
</testsuite> <!-- com.testrunner.Runner01 -->
